<?xml version="1.0" encoding="UTF-8"?>
<testng-results ignored="1" total="2" passed="1" failed="0" skipped="0">
  <reporter-output>
  </reporter-output>
  <suite started-at="2023-02-17T14:33:29 CST" name="Default suite" finished-at="2023-02-17T14:33:35 CST" duration-ms="5898">
    <groups>
    </groups>
    <test started-at="2023-02-17T14:33:29 CST" name="Default test" finished-at="2023-02-17T14:33:35 CST" duration-ms="5898">
      <class name="Day8.JuiceShop">
        <test-method signature="Login()[pri:0, instance:Day8.JuiceShop@1e683a3e]" started-at="2023-02-17T14:33:29 CST" name="Login" finished-at="2023-02-17T14:33:35 CST" duration-ms="5848" status="PASS">
          <reporter-output>
          </reporter-output>
        </test-method> <!-- Login -->
      </class> <!-- Day8.JuiceShop -->
    </test> <!-- Default test -->
  </suite> <!-- Default suite -->
</testng-results>
