<?xml version="1.0" encoding="UTF-8"?>
<!-- Generated by org.testng.reporters.JUnitXMLReporter -->
<testsuite ignored="1" hostname="ManasPC" failures="0" tests="3" name="Test" time="9.739" errors="0" timestamp="2023-02-14T21:12:48 CST">
  <testcase classname="Day8.Ninja_Shopping" name="OpenApplication" time="6.301"/>
  <testcase classname="Day8.Ninja_Shopping" name="ChangeCurrencyToEuro" time="0.893"/>
  <testcase classname="Day8.Ninja_Shopping" name="OpenIphoneDetails" time="2.48"/>
  <testcase classname="Day8.Ninja_Shopping" name="OpenCanonCameraDetails" time="0.0">
    <ignored/>
  </testcase> <!-- OpenCanonCameraDetails -->
</testsuite> <!-- Test -->
