<?xml version="1.0" encoding="UTF-8"?>
<!-- Generated by org.testng.reporters.JUnitXMLReporter -->
<testsuite ignored="0" hostname="ManasPC" failures="0" tests="3" name="Default test" time="18.567" errors="0" timestamp="2023-02-19T23:59:13 CST">
  <testcase classname="CovidData.HospitalData" name="LoadPage" time="2.28"/>
  <testcase classname="CovidData.HospitalData" name="LoadAllData" time="15.155"/>
  <testcase classname="CovidData.HospitalData" name="DisplayData" time="1.089"/>
</testsuite> <!-- Default test -->
